<?xml version="1.0" encoding="UTF-8"?>
<coverage generated="1691784391686" clover="3.2.0">
  <project timestamp="1691784391686" name="All files">
    <metrics statements="35" coveredstatements="22" conditionals="6" coveredconditionals="4" methods="16" coveredmethods="6" elements="57" coveredelements="32" complexity="0" loc="35" ncloc="35" packages="3" files="5" classes="5"/>
    <package name="components">
      <metrics statements="11" coveredstatements="9" conditionals="0" coveredconditionals="0" methods="5" coveredmethods="3"/>
      <file name="NoPhotos.jsx" path="/Users/juancruzfernandezlago/Desktop/Proyectos/nasa-challenge/src/components/NoPhotos.jsx">
        <metrics statements="3" coveredstatements="3" conditionals="0" coveredconditionals="0" methods="1" coveredmethods="1"/>
        <line num="3" count="1" type="stmt"/>
        <line num="4" count="2" type="stmt"/>
        <line num="7" count="1" type="stmt"/>
      </file>
      <file name="SearchEarthDate.jsx" path="/Users/juancruzfernandezlago/Desktop/Proyectos/nasa-challenge/src/components/SearchEarthDate.jsx">
        <metrics statements="4" coveredstatements="3" conditionals="0" coveredconditionals="0" methods="2" coveredmethods="1"/>
        <line num="3" count="1" type="stmt"/>
        <line num="4" count="1" type="stmt"/>
        <line num="28" count="0" type="stmt"/>
        <line num="34" count="1" type="stmt"/>
      </file>
      <file name="SearchSol.jsx" path="/Users/juancruzfernandezlago/Desktop/Proyectos/nasa-challenge/src/components/SearchSol.jsx">
        <metrics statements="4" coveredstatements="3" conditionals="0" coveredconditionals="0" methods="2" coveredmethods="1"/>
        <line num="3" count="1" type="stmt"/>
        <line num="4" count="1" type="stmt"/>
        <line num="21" count="0" type="stmt"/>
        <line num="34" count="1" type="stmt"/>
      </file>
    </package>
    <package name="customHooks">
      <metrics statements="19" coveredstatements="10" conditionals="4" coveredconditionals="3" methods="8" coveredmethods="2"/>
      <file name="useFavorites.js" path="/Users/juancruzfernandezlago/Desktop/Proyectos/nasa-challenge/src/customHooks/useFavorites.js">
        <metrics statements="19" coveredstatements="10" conditionals="4" coveredconditionals="3" methods="8" coveredmethods="2"/>
        <line num="2" count="1" type="stmt"/>
        <line num="5" count="1" type="stmt"/>
        <line num="6" count="0" type="stmt"/>
        <line num="9" count="1" type="stmt"/>
        <line num="10" count="1" type="stmt"/>
        <line num="11" count="1" type="cond" truecount="1" falsecount="1"/>
        <line num="14" count="1" type="stmt"/>
        <line num="18" count="1" type="stmt"/>
        <line num="19" count="0" type="stmt"/>
        <line num="20" count="0" type="stmt"/>
        <line num="21" count="0" type="stmt"/>
        <line num="24" count="1" type="stmt"/>
        <line num="25" count="0" type="stmt"/>
        <line num="28" count="1" type="stmt"/>
        <line num="29" count="0" type="stmt"/>
        <line num="30" count="0" type="stmt"/>
        <line num="32" count="0" type="stmt"/>
        <line num="33" count="0" type="stmt"/>
        <line num="36" count="1" type="stmt"/>
      </file>
    </package>
    <package name="pages">
      <metrics statements="5" coveredstatements="3" conditionals="2" coveredconditionals="1" methods="3" coveredmethods="1"/>
      <file name="favorites.jsx" path="/Users/juancruzfernandezlago/Desktop/Proyectos/nasa-challenge/src/pages/favorites.jsx">
        <metrics statements="5" coveredstatements="3" conditionals="2" coveredconditionals="1" methods="3" coveredmethods="1"/>
        <line num="4" count="1" type="stmt"/>
        <line num="5" count="1" type="stmt"/>
        <line num="7" count="1" type="stmt"/>
        <line num="18" count="0" type="stmt"/>
        <line num="20" count="0" type="stmt"/>
      </file>
    </package>
  </project>
</coverage>
