{"/Users/juancruzfernandezlago/Desktop/Proyectos/nasa-challenge/src/components/NoPhotos.jsx": {"path":"/Users/juancruzfernandezlago/Desktop/Proyectos/nasa-challenge/src/components/NoPhotos.jsx","statementMap":{"0":{"start":{"line":3,"column":17},"end":{"line":5,"column":1}},"1":{"start":{"line":4,"column":2},"end":{"line":4,"column":49}},"2":{"start":{"line":7,"column":0},"end":{"line":9,"column":2}}},"fnMap":{"0":{"name":"(anonymous_0)","decl":{"start":{"line":3,"column":17},"end":{"line":3,"column":18}},"loc":{"start":{"line":3,"column":31},"end":{"line":5,"column":1}},"line":3}},"branchMap":{},"s":{"0":1,"1":2,"2":1},"f":{"0":2},"b":{},"_coverageSchema":"1a1c01bbd47fc00a2c39e90264f33305004495a9","hash":"968517ba6095ef4aed0a5c57efd398051fcfbd23"}
,"/Users/juancruzfernandezlago/Desktop/Proyectos/nasa-challenge/src/components/SearchEarthDate.jsx": {"path":"/Users/juancruzfernandezlago/Desktop/Proyectos/nasa-challenge/src/components/SearchEarthDate.jsx","statementMap":{"0":{"start":{"line":3,"column":24},"end":{"line":32,"column":1}},"1":{"start":{"line":4,"column":2},"end":{"line":31,"column":4}},"2":{"start":{"line":28,"column":25},"end":{"line":28,"column":56}},"3":{"start":{"line":34,"column":0},"end":{"line":37,"column":2}}},"fnMap":{"0":{"name":"(anonymous_0)","decl":{"start":{"line":3,"column":24},"end":{"line":3,"column":25}},"loc":{"start":{"line":3,"column":63},"end":{"line":32,"column":1}},"line":3},"1":{"name":"(anonymous_1)","decl":{"start":{"line":28,"column":18},"end":{"line":28,"column":19}},"loc":{"start":{"line":28,"column":25},"end":{"line":28,"column":56}},"line":28}},"branchMap":{},"s":{"0":1,"1":1,"2":0,"3":1},"f":{"0":1,"1":0},"b":{},"_coverageSchema":"1a1c01bbd47fc00a2c39e90264f33305004495a9","hash":"d9b241036e2a491096ce37d053b3be414bb55af7"}
,"/Users/juancruzfernandezlago/Desktop/Proyectos/nasa-challenge/src/components/SearchSol.jsx": {"path":"/Users/juancruzfernandezlago/Desktop/Proyectos/nasa-challenge/src/components/SearchSol.jsx","statementMap":{"0":{"start":{"line":3,"column":18},"end":{"line":32,"column":1}},"1":{"start":{"line":4,"column":2},"end":{"line":31,"column":4}},"2":{"start":{"line":21,"column":25},"end":{"line":21,"column":55}},"3":{"start":{"line":34,"column":0},"end":{"line":37,"column":2}}},"fnMap":{"0":{"name":"(anonymous_0)","decl":{"start":{"line":3,"column":18},"end":{"line":3,"column":19}},"loc":{"start":{"line":3,"column":55},"end":{"line":32,"column":1}},"line":3},"1":{"name":"(anonymous_1)","decl":{"start":{"line":21,"column":18},"end":{"line":21,"column":19}},"loc":{"start":{"line":21,"column":25},"end":{"line":21,"column":55}},"line":21}},"branchMap":{},"s":{"0":1,"1":1,"2":0,"3":1},"f":{"0":1,"1":0},"b":{},"_coverageSchema":"1a1c01bbd47fc00a2c39e90264f33305004495a9","hash":"bcfec725073615e679324a587c770cbf58f89b49"}
,"/Users/juancruzfernandezlago/Desktop/Proyectos/nasa-challenge/src/customHooks/useFavorites.js": {"path":"/Users/juancruzfernandezlago/Desktop/Proyectos/nasa-challenge/src/customHooks/useFavorites.js","statementMap":{"0":{"start":{"line":2,"column":28},"end":{"line":37,"column":1}},"1":{"start":{"line":5,"column":38},"end":{"line":7,"column":3}},"2":{"start":{"line":6,"column":4},"end":{"line":6,"column":52}},"3":{"start":{"line":9,"column":34},"end":{"line":12,"column":3}},"4":{"start":{"line":10,"column":18},"end":{"line":10,"column":51}},"5":{"start":{"line":11,"column":4},"end":{"line":11,"column":44}},"6":{"start":{"line":14,"column":41},"end":{"line":16,"column":3}},"7":{"start":{"line":18,"column":23},"end":{"line":22,"column":3}},"8":{"start":{"line":19,"column":30},"end":{"line":19,"column":55}},"9":{"start":{"line":20,"column":4},"end":{"line":20,"column":36}},"10":{"start":{"line":21,"column":4},"end":{"line":21,"column":64}},"11":{"start":{"line":24,"column":24},"end":{"line":26,"column":3}},"12":{"start":{"line":25,"column":4},"end":{"line":25,"column":51}},"13":{"start":{"line":25,"column":38},"end":{"line":25,"column":49}},"14":{"start":{"line":28,"column":26},"end":{"line":34,"column":3}},"15":{"start":{"line":29,"column":30},"end":{"line":31,"column":5}},"16":{"start":{"line":30,"column":16},"end":{"line":30,"column":34}},"17":{"start":{"line":32,"column":4},"end":{"line":32,"column":36}},"18":{"start":{"line":33,"column":4},"end":{"line":33,"column":64}},"19":{"start":{"line":36,"column":2},"end":{"line":36,"column":74}}},"fnMap":{"0":{"name":"(anonymous_0)","decl":{"start":{"line":2,"column":28},"end":{"line":2,"column":29}},"loc":{"start":{"line":2,"column":34},"end":{"line":37,"column":1}},"line":2},"1":{"name":"(anonymous_1)","decl":{"start":{"line":5,"column":38},"end":{"line":5,"column":39}},"loc":{"start":{"line":5,"column":53},"end":{"line":7,"column":3}},"line":5},"2":{"name":"(anonymous_2)","decl":{"start":{"line":9,"column":34},"end":{"line":9,"column":35}},"loc":{"start":{"line":9,"column":40},"end":{"line":12,"column":3}},"line":9},"3":{"name":"(anonymous_3)","decl":{"start":{"line":18,"column":23},"end":{"line":18,"column":24}},"loc":{"start":{"line":18,"column":33},"end":{"line":22,"column":3}},"line":18},"4":{"name":"(anonymous_4)","decl":{"start":{"line":24,"column":24},"end":{"line":24,"column":25}},"loc":{"start":{"line":24,"column":32},"end":{"line":26,"column":3}},"line":24},"5":{"name":"(anonymous_5)","decl":{"start":{"line":25,"column":31},"end":{"line":25,"column":32}},"loc":{"start":{"line":25,"column":38},"end":{"line":25,"column":49}},"line":25},"6":{"name":"(anonymous_6)","decl":{"start":{"line":28,"column":26},"end":{"line":28,"column":27}},"loc":{"start":{"line":28,"column":38},"end":{"line":34,"column":3}},"line":28},"7":{"name":"(anonymous_7)","decl":{"start":{"line":30,"column":6},"end":{"line":30,"column":7}},"loc":{"start":{"line":30,"column":16},"end":{"line":30,"column":34}},"line":30}},"branchMap":{"0":{"loc":{"start":{"line":11,"column":11},"end":{"line":11,"column":43}},"type":"cond-expr","locations":[{"start":{"line":11,"column":19},"end":{"line":11,"column":36}},{"start":{"line":11,"column":39},"end":{"line":11,"column":43}}],"line":11},"1":{"loc":{"start":{"line":15,"column":4},"end":{"line":15,"column":35}},"type":"binary-expr","locations":[{"start":{"line":15,"column":4},"end":{"line":15,"column":29}},{"start":{"line":15,"column":33},"end":{"line":15,"column":35}}],"line":15}},"s":{"0":1,"1":1,"2":0,"3":1,"4":1,"5":1,"6":1,"7":1,"8":0,"9":0,"10":0,"11":1,"12":0,"13":0,"14":1,"15":0,"16":0,"17":0,"18":0,"19":1},"f":{"0":1,"1":0,"2":1,"3":0,"4":0,"5":0,"6":0,"7":0},"b":{"0":[0,1],"1":[1,1]},"_coverageSchema":"1a1c01bbd47fc00a2c39e90264f33305004495a9","hash":"eecde42334cfbea6af61bc28b5c103cf600c22ab"}
,"/Users/juancruzfernandezlago/Desktop/Proyectos/nasa-challenge/src/pages/favorites.jsx": {"path":"/Users/juancruzfernandezlago/Desktop/Proyectos/nasa-challenge/src/pages/favorites.jsx","statementMap":{"0":{"start":{"line":4,"column":18},"end":{"line":31,"column":1}},"1":{"start":{"line":5,"column":46},"end":{"line":5,"column":60}},"2":{"start":{"line":7,"column":2},"end":{"line":30,"column":4}},"3":{"start":{"line":18,"column":12},"end":{"line":23,"column":18}},"4":{"start":{"line":20,"column":37},"end":{"line":20,"column":61}}},"fnMap":{"0":{"name":"(anonymous_0)","decl":{"start":{"line":4,"column":18},"end":{"line":4,"column":19}},"loc":{"start":{"line":4,"column":24},"end":{"line":31,"column":1}},"line":4},"1":{"name":"(anonymous_1)","decl":{"start":{"line":17,"column":30},"end":{"line":17,"column":31}},"loc":{"start":{"line":18,"column":12},"end":{"line":23,"column":18}},"line":18},"2":{"name":"(anonymous_2)","decl":{"start":{"line":20,"column":31},"end":{"line":20,"column":32}},"loc":{"start":{"line":20,"column":37},"end":{"line":20,"column":61}},"line":20}},"branchMap":{"0":{"loc":{"start":{"line":16,"column":9},"end":{"line":27,"column":9}},"type":"cond-expr","locations":[{"start":{"line":17,"column":10},"end":{"line":24,"column":12}},{"start":{"line":26,"column":10},"end":{"line":26,"column":56}}],"line":16}},"s":{"0":1,"1":1,"2":1,"3":0,"4":0},"f":{"0":1,"1":0,"2":0},"b":{"0":[0,1]},"_coverageSchema":"1a1c01bbd47fc00a2c39e90264f33305004495a9","hash":"f731ea13c8d6baf489a91e58b33a2b9ec1b1d824"}
}
